Checking whether C++ compiler has '__int64' failed to compile with the following output:
Change Dir: /global/cfs/cdirs/m3930/sudhanshu/SENSEI/build/utils/SVTK/Utilities/KWSys/svtksys/CMakeFiles/CMakeTmp

Run Build Command(s):/usr/bin/gmake -f Makefile cmTC_73c08/fast && /usr/bin/gmake  -f CMakeFiles/cmTC_73c08.dir/build.make CMakeFiles/cmTC_73c08.dir/build
gmake[1]: Entering directory '/global/cfs/cdirs/m3930/sudhanshu/SENSEI/build/utils/SVTK/Utilities/KWSys/svtksys/CMakeFiles/CMakeTmp'
Building CXX object CMakeFiles/cmTC_73c08.dir/kwsysPlatformTestsCXX.cxx.o
/opt/cray/pe/craype/2.7.10/bin/CC -DTEST_KWSYS_CXX_HAS___INT64  -fPIC -std=c++11 -Wall -Wextra -O3 -march=native -mtune=native   -fPIE -std=c++11 -o CMakeFiles/cmTC_73c08.dir/kwsysPlatformTestsCXX.cxx.o -c /global/cfs/cdirs/m3930/sudhanshu/SENSEI/utils/SVTK/Utilities/KWSys/svtksys/kwsysPlatformTestsCXX.cxx
/global/cfs/cdirs/m3930/sudhanshu/SENSEI/utils/SVTK/Utilities/KWSys/svtksys/kwsysPlatformTestsCXX.cxx:24:1: error: '__int64' does not name a type
   24 | __int64 f(__int64 n)
      | ^~~~~~~
/global/cfs/cdirs/m3930/sudhanshu/SENSEI/utils/SVTK/Utilities/KWSys/svtksys/kwsysPlatformTestsCXX.cxx: In function 'int main()':
/global/cfs/cdirs/m3930/sudhanshu/SENSEI/utils/SVTK/Utilities/KWSys/svtksys/kwsysPlatformTestsCXX.cxx:30:3: error: '__int64' was not declared in this scope
   30 |   __int64 n = 0;
      |   ^~~~~~~
/global/cfs/cdirs/m3930/sudhanshu/SENSEI/utils/SVTK/Utilities/KWSys/svtksys/kwsysPlatformTestsCXX.cxx:31:29: error: 'n' was not declared in this scope
   31 |   return static_cast<int>(f(n));
      |                             ^
/global/cfs/cdirs/m3930/sudhanshu/SENSEI/utils/SVTK/Utilities/KWSys/svtksys/kwsysPlatformTestsCXX.cxx:31:27: error: 'f' was not declared in this scope
   31 |   return static_cast<int>(f(n));
      |                           ^
gmake[1]: *** [CMakeFiles/cmTC_73c08.dir/build.make:78: CMakeFiles/cmTC_73c08.dir/kwsysPlatformTestsCXX.cxx.o] Error 1
gmake[1]: Leaving directory '/global/cfs/cdirs/m3930/sudhanshu/SENSEI/build/utils/SVTK/Utilities/KWSys/svtksys/CMakeFiles/CMakeTmp'
gmake: *** [Makefile:127: cmTC_73c08/fast] Error 2



Checking whether CXX compiler has environ in stdlib.h failed to compile with the following output:
Change Dir: /global/cfs/cdirs/m3930/sudhanshu/SENSEI/build/utils/SVTK/Utilities/KWSys/svtksys/CMakeFiles/CMakeTmp

Run Build Command(s):/usr/bin/gmake -f Makefile cmTC_c6cf2/fast && /usr/bin/gmake  -f CMakeFiles/cmTC_c6cf2.dir/build.make CMakeFiles/cmTC_c6cf2.dir/build
gmake[1]: Entering directory '/global/cfs/cdirs/m3930/sudhanshu/SENSEI/build/utils/SVTK/Utilities/KWSys/svtksys/CMakeFiles/CMakeTmp'
Building CXX object CMakeFiles/cmTC_c6cf2.dir/kwsysPlatformTestsCXX.cxx.o
/opt/cray/pe/craype/2.7.10/bin/CC -DTEST_KWSYS_CXX_HAS_ENVIRON_IN_STDLIB_H  -fPIC -std=c++11 -Wall -Wextra -O3 -march=native -mtune=native   -fPIE -std=c++11 -o CMakeFiles/cmTC_c6cf2.dir/kwsysPlatformTestsCXX.cxx.o -c /global/cfs/cdirs/m3930/sudhanshu/SENSEI/utils/SVTK/Utilities/KWSys/svtksys/kwsysPlatformTestsCXX.cxx
/global/cfs/cdirs/m3930/sudhanshu/SENSEI/utils/SVTK/Utilities/KWSys/svtksys/kwsysPlatformTestsCXX.cxx: In function 'int main()':
/global/cfs/cdirs/m3930/sudhanshu/SENSEI/utils/SVTK/Utilities/KWSys/svtksys/kwsysPlatformTestsCXX.cxx:160:13: error: 'environ' was not declared in this scope; did you mean 'union'?
  160 |   char* e = environ[0];
      |             ^~~~~~~
      |             union
gmake[1]: *** [CMakeFiles/cmTC_c6cf2.dir/build.make:78: CMakeFiles/cmTC_c6cf2.dir/kwsysPlatformTestsCXX.cxx.o] Error 1
gmake[1]: Leaving directory '/global/cfs/cdirs/m3930/sudhanshu/SENSEI/build/utils/SVTK/Utilities/KWSys/svtksys/CMakeFiles/CMakeTmp'
gmake: *** [Makefile:127: cmTC_c6cf2/fast] Error 2



Checking whether CXX compiler struct stat has st_mtimespec member failed to compile with the following output:
Change Dir: /global/cfs/cdirs/m3930/sudhanshu/SENSEI/build/utils/SVTK/Utilities/KWSys/svtksys/CMakeFiles/CMakeTmp

Run Build Command(s):/usr/bin/gmake -f Makefile cmTC_ba836/fast && /usr/bin/gmake  -f CMakeFiles/cmTC_ba836.dir/build.make CMakeFiles/cmTC_ba836.dir/build
gmake[1]: Entering directory '/global/cfs/cdirs/m3930/sudhanshu/SENSEI/build/utils/SVTK/Utilities/KWSys/svtksys/CMakeFiles/CMakeTmp'
Building CXX object CMakeFiles/cmTC_ba836.dir/kwsysPlatformTestsCXX.cxx.o
/opt/cray/pe/craype/2.7.10/bin/CC -DTEST_KWSYS_CXX_STAT_HAS_ST_MTIMESPEC  -fPIC -std=c++11 -Wall -Wextra -O3 -march=native -mtune=native   -fPIE -std=c++11 -o CMakeFiles/cmTC_ba836.dir/kwsysPlatformTestsCXX.cxx.o -c /global/cfs/cdirs/m3930/sudhanshu/SENSEI/utils/SVTK/Utilities/KWSys/svtksys/kwsysPlatformTestsCXX.cxx
/global/cfs/cdirs/m3930/sudhanshu/SENSEI/utils/SVTK/Utilities/KWSys/svtksys/kwsysPlatformTestsCXX.cxx: In function 'int main()':
/global/cfs/cdirs/m3930/sudhanshu/SENSEI/utils/SVTK/Utilities/KWSys/svtksys/kwsysPlatformTestsCXX.cxx:57:15: error: 'struct stat' has no member named 'st_mtimespec'
   57 |   (void)stat1.st_mtimespec.tv_sec;
      |               ^~~~~~~~~~~~
/global/cfs/cdirs/m3930/sudhanshu/SENSEI/utils/SVTK/Utilities/KWSys/svtksys/kwsysPlatformTestsCXX.cxx:58:15: error: 'struct stat' has no member named 'st_mtimespec'
   58 |   (void)stat1.st_mtimespec.tv_nsec;
      |               ^~~~~~~~~~~~
gmake[1]: *** [CMakeFiles/cmTC_ba836.dir/build.make:78: CMakeFiles/cmTC_ba836.dir/kwsysPlatformTestsCXX.cxx.o] Error 1
gmake[1]: Leaving directory '/global/cfs/cdirs/m3930/sudhanshu/SENSEI/build/utils/SVTK/Utilities/KWSys/svtksys/CMakeFiles/CMakeTmp'
gmake: *** [Makefile:127: cmTC_ba836/fast] Error 2



Checking whether CXX compiler has _atoi64 failed to compile with the following output:
Change Dir: /global/cfs/cdirs/m3930/sudhanshu/SENSEI/build/utils/SVTK/Utilities/KWSys/svtksys/CMakeFiles/CMakeTmp

Run Build Command(s):/usr/bin/gmake -f Makefile cmTC_c3d05/fast && /usr/bin/gmake  -f CMakeFiles/cmTC_c3d05.dir/build.make CMakeFiles/cmTC_c3d05.dir/build
gmake[1]: Entering directory '/global/cfs/cdirs/m3930/sudhanshu/SENSEI/build/utils/SVTK/Utilities/KWSys/svtksys/CMakeFiles/CMakeTmp'
Building CXX object CMakeFiles/cmTC_c3d05.dir/kwsysPlatformTestsCXX.cxx.o
/opt/cray/pe/craype/2.7.10/bin/CC -DTEST_KWSYS_CXX_HAS__ATOI64  -fPIC -std=c++11 -Wall -Wextra -O3 -march=native -mtune=native   -fPIE -std=c++11 -o CMakeFiles/cmTC_c3d05.dir/kwsysPlatformTestsCXX.cxx.o -c /global/cfs/cdirs/m3930/sudhanshu/SENSEI/utils/SVTK/Utilities/KWSys/svtksys/kwsysPlatformTestsCXX.cxx
/global/cfs/cdirs/m3930/sudhanshu/SENSEI/utils/SVTK/Utilities/KWSys/svtksys/kwsysPlatformTestsCXX.cxx: In function 'int main()':
/global/cfs/cdirs/m3930/sudhanshu/SENSEI/utils/SVTK/Utilities/KWSys/svtksys/kwsysPlatformTestsCXX.cxx:210:27: error: '_atoi64' was not declared in this scope; did you mean 'atoi'?
  210 |   return static_cast<int>(_atoi64(str));
      |                           ^~~~~~~
      |                           atoi
gmake[1]: *** [CMakeFiles/cmTC_c3d05.dir/build.make:78: CMakeFiles/cmTC_c3d05.dir/kwsysPlatformTestsCXX.cxx.o] Error 1
gmake[1]: Leaving directory '/global/cfs/cdirs/m3930/sudhanshu/SENSEI/build/utils/SVTK/Utilities/KWSys/svtksys/CMakeFiles/CMakeTmp'
gmake: *** [Makefile:127: cmTC_c3d05/fast] Error 2



Determining if the function getsockname exists in the socket failed with the following output:
Change Dir: /global/cfs/cdirs/m3930/sudhanshu/SENSEI/build/CMakeFiles/CMakeTmp

Run Build Command(s):/usr/bin/gmake -f Makefile cmTC_26927/fast && /usr/bin/gmake  -f CMakeFiles/cmTC_26927.dir/build.make CMakeFiles/cmTC_26927.dir/build
gmake[1]: Entering directory '/global/cfs/cdirs/m3930/sudhanshu/SENSEI/build/CMakeFiles/CMakeTmp'
Building C object CMakeFiles/cmTC_26927.dir/CheckFunctionExists.c.o
/opt/cray/pe/craype/2.7.10/bin/cc   -DCHECK_FUNCTION_EXISTS=getsockname -fPIE -o CMakeFiles/cmTC_26927.dir/CheckFunctionExists.c.o -c /global/common/software/nersc/cori-2022q1/spack/cray-cnl7-haswell/cmake-3.22.2-ugphoa4/share/cmake-3.22/Modules/CheckFunctionExists.c
Linking C executable cmTC_26927
/global/common/software/nersc/cori-2022q1/spack/cray-cnl7-haswell/cmake-3.22.2-ugphoa4/bin/cmake -E cmake_link_script CMakeFiles/cmTC_26927.dir/link.txt --verbose=1
/opt/cray/pe/craype/2.7.10/bin/cc   -DCHECK_FUNCTION_EXISTS=getsockname  -Wl,-lc  -Wl,-lc    CMakeFiles/cmTC_26927.dir/CheckFunctionExists.c.o -o cmTC_26927  -lsocket 
/usr/bin/ld: cannot find -lsocket
collect2: error: ld returned 1 exit status
gmake[1]: *** [CMakeFiles/cmTC_26927.dir/build.make:99: cmTC_26927] Error 1
gmake[1]: Leaving directory '/global/cfs/cdirs/m3930/sudhanshu/SENSEI/build/CMakeFiles/CMakeTmp'
gmake: *** [Makefile:127: cmTC_26927/fast] Error 2



